2024-09-23 07:44:17,987:WARNING:C:\Users\91965\anaconda3\lib\site-packages\pandas\core\arrays\masked.py:60: UserWarning: Pandas requires version '1.3.6' or newer of 'bottleneck' (version '1.3.5' currently installed).
  from pandas.core import (

2024-09-23 07:44:19,828:WARNING:
'cuml' is a soft dependency and not included in the pycaret installation. Please run: `pip install cuml` to install.
2024-09-23 07:44:19,828:WARNING:
'cuml' is a soft dependency and not included in the pycaret installation. Please run: `pip install cuml` to install.
2024-09-23 07:44:19,828:WARNING:
'cuml' is a soft dependency and not included in the pycaret installation. Please run: `pip install cuml` to install.
2024-09-23 07:44:19,828:WARNING:
'cuml' is a soft dependency and not included in the pycaret installation. Please run: `pip install cuml` to install.
2024-09-23 07:44:20,653:INFO:Initializing load_model()
2024-09-23 07:44:20,653:INFO:load_model(model_name=best_model, platform=None, authentication=None, verbose=True)
2024-09-23 07:44:20,852:WARNING:C:\Users\91965\anaconda3\lib\site-packages\dask\dataframe\_pyarrow_compat.py:23: UserWarning: You are using pyarrow version 11.0.0 which is known to be insecure. See https://www.cve.org/CVERecord?id=CVE-2023-47248 for further details. Please upgrade to pyarrow>=14.0.1 or install pyarrow-hotfix to patch your current version.
  warnings.warn(

2024-09-23 07:44:37,268:INFO:Initializing predict_model()
2024-09-23 07:44:37,268:INFO:predict_model(self=<pycaret.classification.oop.ClassificationExperiment object at 0x000002D2DD062DF0>, estimator=Pipeline(memory=Memory(location=None),
         steps=[('numerical_imputer',
                 TransformerWrapper(include=['sepal length (cm)',
                                             'sepal width (cm)',
                                             'petal length (cm)',
                                             'petal width (cm)'],
                                    transformer=SimpleImputer())),
                ('categorical_imputer',
                 TransformerWrapper(include=[],
                                    transformer=SimpleImputer(strategy='most_frequent'))),
                ('clean_column_names',
                 TransformerWrapper(transformer=CleanColumnNames())),
                ('actual_estimator', QuadraticDiscriminantAnalysis())]), probability_threshold=None, encoded_labels=False, raw_score=False, round=4, verbose=True, ml_usecase=None, preprocess=True, encode_labels=<function _SupervisedExperiment.predict_model.<locals>.encode_labels at 0x000002D2DD03BE50>)
2024-09-23 07:44:37,268:INFO:Checking exceptions
2024-09-23 07:44:37,268:INFO:Preloading libraries
2024-09-23 07:44:37,268:INFO:Set up data.
2024-09-23 07:44:37,270:INFO:Set up index.
2024-09-23 07:48:16,949:WARNING:C:\Users\91965\anaconda3\lib\site-packages\pandas\core\arrays\masked.py:60: UserWarning: Pandas requires version '1.3.6' or newer of 'bottleneck' (version '1.3.5' currently installed).
  from pandas.core import (

2024-09-23 07:48:18,794:WARNING:
'cuml' is a soft dependency and not included in the pycaret installation. Please run: `pip install cuml` to install.
2024-09-23 07:48:18,794:WARNING:
'cuml' is a soft dependency and not included in the pycaret installation. Please run: `pip install cuml` to install.
2024-09-23 07:48:18,794:WARNING:
'cuml' is a soft dependency and not included in the pycaret installation. Please run: `pip install cuml` to install.
2024-09-23 07:48:18,794:WARNING:
'cuml' is a soft dependency and not included in the pycaret installation. Please run: `pip install cuml` to install.
2024-09-23 07:49:55,914:WARNING:C:\Users\91965\anaconda3\lib\site-packages\pandas\core\arrays\masked.py:60: UserWarning: Pandas requires version '1.3.6' or newer of 'bottleneck' (version '1.3.5' currently installed).
  from pandas.core import (

2024-09-23 07:49:57,584:WARNING:
'cuml' is a soft dependency and not included in the pycaret installation. Please run: `pip install cuml` to install.
2024-09-23 07:49:57,584:WARNING:
'cuml' is a soft dependency and not included in the pycaret installation. Please run: `pip install cuml` to install.
2024-09-23 07:49:57,584:WARNING:
'cuml' is a soft dependency and not included in the pycaret installation. Please run: `pip install cuml` to install.
2024-09-23 07:49:57,584:WARNING:
'cuml' is a soft dependency and not included in the pycaret installation. Please run: `pip install cuml` to install.
2024-09-23 07:49:58,397:INFO:PyCaret ClassificationExperiment
2024-09-23 07:49:58,397:INFO:Logging name: clf-default-name
2024-09-23 07:49:58,397:INFO:ML Usecase: MLUsecase.CLASSIFICATION
2024-09-23 07:49:58,397:INFO:version 3.3.2
2024-09-23 07:49:58,398:INFO:Initializing setup()
2024-09-23 07:49:58,398:INFO:self.USI: 0c22
2024-09-23 07:49:58,398:INFO:self._variable_keys: {'is_multiclass', 'USI', 'fold_shuffle_param', 'fold_groups_param', 'X_test', 'gpu_n_jobs_param', '_ml_usecase', 'y_test', 'y_train', 'exp_name_log', 'y', 'X', 'html_param', 'memory', 'pipeline', 'data', 'X_train', 'seed', 'gpu_param', 'logging_param', 'log_plots_param', 'n_jobs_param', 'idx', 'fix_imbalance', 'exp_id', '_available_plots', 'fold_generator', 'target_param'}
2024-09-23 07:49:58,398:INFO:Checking environment
2024-09-23 07:49:58,398:INFO:python_version: 3.9.18
2024-09-23 07:49:58,398:INFO:python_build: ('main', 'Sep 11 2023 14:09:26')
2024-09-23 07:49:58,398:INFO:machine: AMD64
2024-09-23 07:49:58,405:INFO:platform: Windows-10-10.0.22631-SP0
2024-09-23 07:49:58,405:INFO:Memory: svmem(total=34082893824, available=15668727808, percent=54.0, used=18414166016, free=15668727808)
2024-09-23 07:49:58,405:INFO:Physical Core: 6
2024-09-23 07:49:58,405:INFO:Logical Core: 12
2024-09-23 07:49:58,406:INFO:Checking libraries
2024-09-23 07:49:58,406:INFO:System:
2024-09-23 07:49:58,406:INFO:    python: 3.9.18 (main, Sep 11 2023, 14:09:26) [MSC v.1916 64 bit (AMD64)]
2024-09-23 07:49:58,406:INFO:executable: C:\Users\91965\anaconda3\python.exe
2024-09-23 07:49:58,406:INFO:   machine: Windows-10-10.0.22631-SP0
2024-09-23 07:49:58,406:INFO:PyCaret required dependencies:
2024-09-23 07:49:58,591:WARNING:C:\Users\91965\anaconda3\lib\site-packages\dask\dataframe\_pyarrow_compat.py:23: UserWarning: You are using pyarrow version 11.0.0 which is known to be insecure. See https://www.cve.org/CVERecord?id=CVE-2023-47248 for further details. Please upgrade to pyarrow>=14.0.1 or install pyarrow-hotfix to patch your current version.
  warnings.warn(

2024-09-23 07:49:59,063:INFO:                 pip: 24.0
2024-09-23 07:49:59,063:INFO:          setuptools: 69.0.3
2024-09-23 07:49:59,063:INFO:             pycaret: 3.3.2
2024-09-23 07:49:59,063:INFO:             IPython: 8.15.0
2024-09-23 07:49:59,063:INFO:          ipywidgets: 8.0.4
2024-09-23 07:49:59,063:INFO:                tqdm: 4.65.0
2024-09-23 07:49:59,063:INFO:               numpy: 1.26.3
2024-09-23 07:49:59,063:INFO:              pandas: 2.2.3
2024-09-23 07:49:59,063:INFO:              jinja2: 3.1.2
2024-09-23 07:49:59,063:INFO:               scipy: 1.11.4
2024-09-23 07:49:59,063:INFO:              joblib: 1.2.0
2024-09-23 07:49:59,063:INFO:             sklearn: 1.4.2
2024-09-23 07:49:59,063:INFO:                pyod: 2.0.2
2024-09-23 07:49:59,063:INFO:            imblearn: 0.12.3
2024-09-23 07:49:59,063:INFO:   category_encoders: 2.6.3
2024-09-23 07:49:59,063:INFO:            lightgbm: 4.5.0
2024-09-23 07:49:59,063:INFO:               numba: 0.58.1
2024-09-23 07:49:59,063:INFO:            requests: 2.31.0
2024-09-23 07:49:59,063:INFO:          matplotlib: 3.7.5
2024-09-23 07:49:59,063:INFO:          scikitplot: 0.3.7
2024-09-23 07:49:59,063:INFO:         yellowbrick: 1.5
2024-09-23 07:49:59,063:INFO:              plotly: 5.24.1
2024-09-23 07:49:59,063:INFO:    plotly-resampler: Not installed
2024-09-23 07:49:59,063:INFO:             kaleido: 0.2.1
2024-09-23 07:49:59,063:INFO:           schemdraw: 0.15
2024-09-23 07:49:59,064:INFO:         statsmodels: 0.14.0
2024-09-23 07:49:59,064:INFO:              sktime: 0.26.0
2024-09-23 07:49:59,064:INFO:               tbats: 1.1.3
2024-09-23 07:49:59,064:INFO:            pmdarima: 2.0.4
2024-09-23 07:49:59,064:INFO:              psutil: 5.9.0
2024-09-23 07:49:59,064:INFO:          markupsafe: 2.1.5
2024-09-23 07:49:59,064:INFO:             pickle5: Not installed
2024-09-23 07:49:59,064:INFO:         cloudpickle: 2.2.1
2024-09-23 07:49:59,064:INFO:         deprecation: 2.1.0
2024-09-23 07:49:59,064:INFO:              xxhash: 2.0.2
2024-09-23 07:49:59,064:INFO:           wurlitzer: Not installed
2024-09-23 07:49:59,064:INFO:PyCaret optional dependencies:
2024-09-23 07:49:59,530:INFO:                shap: 0.46.0
2024-09-23 07:49:59,530:INFO:           interpret: Not installed
2024-09-23 07:49:59,530:INFO:                umap: Not installed
2024-09-23 07:49:59,530:INFO:     ydata_profiling: 4.10.0
2024-09-23 07:49:59,530:INFO:  explainerdashboard: Not installed
2024-09-23 07:49:59,530:INFO:             autoviz: Not installed
2024-09-23 07:49:59,530:INFO:           fairlearn: Not installed
2024-09-23 07:49:59,530:INFO:          deepchecks: Not installed
2024-09-23 07:49:59,530:INFO:             xgboost: Not installed
2024-09-23 07:49:59,531:INFO:            catboost: Not installed
2024-09-23 07:49:59,531:INFO:              kmodes: Not installed
2024-09-23 07:49:59,531:INFO:             mlxtend: Not installed
2024-09-23 07:49:59,531:INFO:       statsforecast: Not installed
2024-09-23 07:49:59,531:INFO:        tune_sklearn: Not installed
2024-09-23 07:49:59,531:INFO:                 ray: Not installed
2024-09-23 07:49:59,531:INFO:            hyperopt: Not installed
2024-09-23 07:49:59,531:INFO:              optuna: Not installed
2024-09-23 07:49:59,531:INFO:               skopt: Not installed
2024-09-23 07:49:59,531:INFO:              mlflow: Not installed
2024-09-23 07:49:59,531:INFO:              gradio: Not installed
2024-09-23 07:49:59,531:INFO:             fastapi: 0.110.0
2024-09-23 07:49:59,531:INFO:             uvicorn: 0.30.6
2024-09-23 07:49:59,531:INFO:              m2cgen: Not installed
2024-09-23 07:49:59,531:INFO:           evidently: Not installed
2024-09-23 07:49:59,531:INFO:               fugue: Not installed
2024-09-23 07:49:59,531:INFO:           streamlit: Not installed
2024-09-23 07:49:59,531:INFO:             prophet: Not installed
2024-09-23 07:49:59,531:INFO:None
2024-09-23 07:49:59,531:INFO:Set up data.
2024-09-23 07:49:59,600:INFO:Set up folding strategy.
2024-09-23 07:49:59,600:INFO:Set up train/test split.
2024-09-23 07:50:03,160:INFO:Initializing predict_model()
2024-09-23 07:50:03,160:INFO:predict_model(self=<pycaret.classification.oop.ClassificationExperiment object at 0x0000027086B436D0>, estimator=None, probability_threshold=None, encoded_labels=False, raw_score=False, round=4, verbose=True, ml_usecase=None, preprocess=True, encode_labels=<function _SupervisedExperiment.predict_model.<locals>.encode_labels at 0x0000027088FF1040>)
2024-09-23 07:50:03,160:INFO:Checking exceptions
2024-09-23 07:50:03,160:INFO:Preloading libraries
2024-09-23 07:50:10,292:INFO:Initializing predict_model()
2024-09-23 07:50:10,292:INFO:predict_model(self=<pycaret.classification.oop.ClassificationExperiment object at 0x0000027086B436D0>, estimator=None, probability_threshold=None, encoded_labels=False, raw_score=False, round=4, verbose=True, ml_usecase=None, preprocess=True, encode_labels=<function _SupervisedExperiment.predict_model.<locals>.encode_labels at 0x0000027088FF5280>)
2024-09-23 07:50:10,292:INFO:Checking exceptions
2024-09-23 07:50:10,292:INFO:Preloading libraries
2024-09-23 07:51:05,391:WARNING:C:\Users\91965\anaconda3\lib\site-packages\pandas\core\arrays\masked.py:60: UserWarning: Pandas requires version '1.3.6' or newer of 'bottleneck' (version '1.3.5' currently installed).
  from pandas.core import (

2024-09-23 07:51:07,256:WARNING:
'cuml' is a soft dependency and not included in the pycaret installation. Please run: `pip install cuml` to install.
2024-09-23 07:51:07,256:WARNING:
'cuml' is a soft dependency and not included in the pycaret installation. Please run: `pip install cuml` to install.
2024-09-23 07:51:07,256:WARNING:
'cuml' is a soft dependency and not included in the pycaret installation. Please run: `pip install cuml` to install.
2024-09-23 07:51:07,256:WARNING:
'cuml' is a soft dependency and not included in the pycaret installation. Please run: `pip install cuml` to install.
2024-09-23 07:51:08,158:INFO:Initializing load_model()
2024-09-23 07:51:08,158:INFO:load_model(model_name=best_model, platform=None, authentication=None, verbose=True)
2024-09-23 07:51:08,400:WARNING:C:\Users\91965\anaconda3\lib\site-packages\dask\dataframe\_pyarrow_compat.py:23: UserWarning: You are using pyarrow version 11.0.0 which is known to be insecure. See https://www.cve.org/CVERecord?id=CVE-2023-47248 for further details. Please upgrade to pyarrow>=14.0.1 or install pyarrow-hotfix to patch your current version.
  warnings.warn(

2024-09-23 07:51:11,350:INFO:Initializing predict_model()
2024-09-23 07:51:11,350:INFO:predict_model(self=<pycaret.classification.oop.ClassificationExperiment object at 0x000001CE731ABDC0>, estimator=Pipeline(memory=Memory(location=None),
         steps=[('numerical_imputer',
                 TransformerWrapper(include=['sepal length (cm)',
                                             'sepal width (cm)',
                                             'petal length (cm)',
                                             'petal width (cm)'],
                                    transformer=SimpleImputer())),
                ('categorical_imputer',
                 TransformerWrapper(include=[],
                                    transformer=SimpleImputer(strategy='most_frequent'))),
                ('clean_column_names',
                 TransformerWrapper(transformer=CleanColumnNames())),
                ('actual_estimator', QuadraticDiscriminantAnalysis())]), probability_threshold=None, encoded_labels=False, raw_score=False, round=4, verbose=True, ml_usecase=None, preprocess=True, encode_labels=<function _SupervisedExperiment.predict_model.<locals>.encode_labels at 0x000001CE731AAB80>)
2024-09-23 07:51:11,350:INFO:Checking exceptions
2024-09-23 07:51:11,350:INFO:Preloading libraries
2024-09-23 07:51:11,352:INFO:Set up data.
2024-09-23 07:51:11,354:INFO:Set up index.
